build/intermediates/manifest_merge_blame_file/release/manifest-merger-blame-release-report.txt
1<?xml version="1.0" encoding="utf-8"?>
2<manifest xmlns:android="http://schemas.android.com/apk/res/android"
3    package="org.tensorflow.codelabs.objectdetection"
4    android:versionCode="1"
5    android:versionName="1.0" >
6
7    <uses-sdk
8        android:minSdkVersion="23"
8-->src\main\AndroidManifest.xml
9        android:targetSdkVersion="30" />
9-->src\main\AndroidManifest.xml
10
11    <uses-feature android:name="android.hardware.camera.any" />
11-->src\main\AndroidManifest.xml:5:5-64
11-->src\main\AndroidManifest.xml:5:19-61
12
13    <uses-permission android:name="android.permission.INTERNET" />
13-->src\main\AndroidManifest.xml:6:5-67
13-->src\main\AndroidManifest.xml:6:22-64
14    <uses-permission android:name="android.permission.CAMERA" />
14-->src\main\AndroidManifest.xml:7:5-65
14-->src\main\AndroidManifest.xml:7:22-62
15    <uses-permission android:name="android.permission.WRITE_EXTERNAL_STORAGE" />
15-->src\main\AndroidManifest.xml:8:5-81
15-->src\main\AndroidManifest.xml:8:22-78
16    <uses-permission android:name="android.permission.READ_EXTERNAL_STORAGE" />
16-->src\main\AndroidManifest.xml:9:5-80
16-->src\main\AndroidManifest.xml:9:22-77
17
18    <queries>
18-->src\main\AndroidManifest.xml:11:5-15:15
19        <intent>
19-->src\main\AndroidManifest.xml:12:9-14:18
20            <action android:name="android.media.action.IMAGE_CAPTURE" />
20-->src\main\AndroidManifest.xml:13:13-73
20-->src\main\AndroidManifest.xml:13:21-70
21        </intent>
22    </queries>
23
24    <uses-permission android:name="android.permission.READ_PHONE_STATE" />
25
26    <application
26-->src\main\AndroidManifest.xml:17:5-73:19
27        android:allowBackup="true"
27-->src\main\AndroidManifest.xml:18:9-35
28        android:appComponentFactory="androidx.core.app.CoreComponentFactory"
28-->[androidx.core:core:1.6.0] AndroidManifest.xml:24:18-86
29        android:extractNativeLibs="false"
30        android:icon="@mipmap/ic_launcher"
30-->src\main\AndroidManifest.xml:19:9-43
31        android:label="@string/app_name"
31-->src\main\AndroidManifest.xml:20:9-41
32        android:roundIcon="@mipmap/ic_launcher_round"
32-->src\main\AndroidManifest.xml:21:9-54
33        android:supportsRtl="true"
33-->src\main\AndroidManifest.xml:22:9-35
34        android:theme="@style/Theme.ObjectDetection"
34-->src\main\AndroidManifest.xml:23:9-53
35        android:usesCleartextTraffic="true" >
35-->src\main\AndroidManifest.xml:24:9-44
36        <activity
36-->src\main\AndroidManifest.xml:25:9-27:39
37            android:name="org.tensorflow.codelabs.objectdetection.PoseManualActivity"
37-->src\main\AndroidManifest.xml:26:13-47
38            android:exported="true" />
38-->src\main\AndroidManifest.xml:27:13-36
39        <activity
39-->src\main\AndroidManifest.xml:28:9-30:39
40            android:name="org.tensorflow.codelabs.objectdetection.SpotManualActivity"
40-->src\main\AndroidManifest.xml:29:13-47
41            android:exported="true" />
41-->src\main\AndroidManifest.xml:30:13-36
42        <activity
42-->src\main\AndroidManifest.xml:31:9-33:39
43            android:name="org.tensorflow.codelabs.objectdetection.SpotResultDetailActivity"
43-->src\main\AndroidManifest.xml:32:13-53
44            android:exported="true" />
44-->src\main\AndroidManifest.xml:33:13-36
45        <activity
45-->src\main\AndroidManifest.xml:34:9-36:39
46            android:name="org.tensorflow.codelabs.objectdetection.SpotResultActivity"
46-->src\main\AndroidManifest.xml:35:13-47
47            android:exported="true" />
47-->src\main\AndroidManifest.xml:36:13-36
48        <activity
48-->src\main\AndroidManifest.xml:37:9-39:39
49            android:name="org.tensorflow.codelabs.objectdetection.SpotActivity"
49-->src\main\AndroidManifest.xml:38:13-41
50            android:exported="true" />
50-->src\main\AndroidManifest.xml:39:13-36
51        <activity
51-->src\main\AndroidManifest.xml:40:9-42:39
52            android:name="org.tensorflow.codelabs.objectdetection.ManualActivity"
52-->src\main\AndroidManifest.xml:41:13-43
53            android:exported="true" />
53-->src\main\AndroidManifest.xml:42:13-36
54
55        <meta-data
55-->src\main\AndroidManifest.xml:44:9-46:47
56            android:name="com.google.android.actions"
56-->src\main\AndroidManifest.xml:45:13-54
57            android:resource="@xml/actions" />
57-->src\main\AndroidManifest.xml:46:13-44
58
59        <activity
59-->src\main\AndroidManifest.xml:48:9-50:39
60            android:name="org.tensorflow.codelabs.objectdetection.CameraActivity"
60-->src\main\AndroidManifest.xml:49:13-43
61            android:exported="true" />
61-->src\main\AndroidManifest.xml:50:13-36
62        <activity
62-->src\main\AndroidManifest.xml:51:9-59:20
63            android:name="org.tensorflow.codelabs.objectdetection.SplashActivity"
63-->src\main\AndroidManifest.xml:52:13-43
64            android:exported="true" >
64-->src\main\AndroidManifest.xml:53:13-36
65            <intent-filter>
65-->src\main\AndroidManifest.xml:54:13-58:29
66                <action android:name="android.intent.action.MAIN" />
66-->src\main\AndroidManifest.xml:55:17-69
66-->src\main\AndroidManifest.xml:55:25-66
67
68                <category android:name="android.intent.category.LAUNCHER" />
68-->src\main\AndroidManifest.xml:57:17-77
68-->src\main\AndroidManifest.xml:57:27-74
69            </intent-filter>
70        </activity>
71        <activity
71-->src\main\AndroidManifest.xml:60:9-62:39
72            android:name="org.tensorflow.codelabs.objectdetection.MainActivity"
72-->src\main\AndroidManifest.xml:61:13-41
73            android:exported="true" />
73-->src\main\AndroidManifest.xml:62:13-36
74
75        <provider
75-->src\main\AndroidManifest.xml:64:9-72:20
76            android:name="androidx.core.content.FileProvider"
76-->src\main\AndroidManifest.xml:65:13-62
77            android:authorities="org.tensorflow.codelabs.objectdetection.fileprovider"
77-->src\main\AndroidManifest.xml:66:13-87
78            android:exported="false"
78-->src\main\AndroidManifest.xml:67:13-37
79            android:grantUriPermissions="true" >
79-->src\main\AndroidManifest.xml:68:13-47
80            <meta-data
80-->src\main\AndroidManifest.xml:69:13-71:54
81                android:name="android.support.FILE_PROVIDER_PATHS"
81-->src\main\AndroidManifest.xml:70:17-67
82                android:resource="@xml/file_paths" />
82-->src\main\AndroidManifest.xml:71:17-51
83        </provider>
84
85        <service
85-->[androidx.camera:camera-camera2:1.1.0-alpha08] AndroidManifest.xml:26:9-35:19
86            android:name="androidx.camera.core.impl.MetadataHolderService"
86-->[androidx.camera:camera-camera2:1.1.0-alpha08] AndroidManifest.xml:27:13-75
87            android:enabled="false"
87-->[androidx.camera:camera-camera2:1.1.0-alpha08] AndroidManifest.xml:28:13-36
88            android:exported="false" >
88-->[androidx.camera:camera-camera2:1.1.0-alpha08] AndroidManifest.xml:29:13-37
89            <meta-data
89-->[androidx.camera:camera-camera2:1.1.0-alpha08] AndroidManifest.xml:32:13-34:89
90                android:name="androidx.camera.core.impl.MetadataHolderService.DEFAULT_CONFIG_PROVIDER"
90-->[androidx.camera:camera-camera2:1.1.0-alpha08] AndroidManifest.xml:33:17-103
91                android:value="androidx.camera.camera2.Camera2Config$DefaultProvider" />
91-->[androidx.camera:camera-camera2:1.1.0-alpha08] AndroidManifest.xml:34:17-86
92        </service>
93    </application>
94
95</manifest>